<?xml version="1.0" encoding="UTF-8" ?>
<testsuite tests="17" failures="0" name="cucumber_options.TestRunner" time="24.308" errors="0" skipped="0">
  <properties>
[...]
</properties>
  <testcase classname="A user is able to send a get request to an API and validate the response" name="A user gets a single object back in a response" time="1.873"/>
  <testcase classname="A user is able to send a get request to an API and validate the response" name="A user gets multiple objects from the request" time="0.184"/>
  <testcase classname="A user is able to send a post request and validate the response" name="A user successfully posts an entry" time="1.26"/>
  <testcase classname="A user is able to send a put request and validate the response" name="A user successfully updates an entry" time="2.445"/>
  <testcase classname="A user is able to send a delete request and validate the response" name="A user successfully deletes an entry" time="2.39"/>
  <testcase classname="Measure the response time of API requests" name="I compare the time taken for a GET and POST request response" time="2.715"/>
  <testcase classname="Serialise JSON as a POJO" name="Successfully serialise JSON as a POJO" time="1.547"/>
  <testcase classname="Serialise JSON as a POJO" name="Successfully serialise nested JSON as a POJO" time="0.19"/>
  <testcase classname="Serialise XML as a POJO" name="Successfully serialise XML as a POJO" time="1.408"/>
  <testcase classname="Create JSON from a POJO" name="Successfully create JSON from a POJO" time="0.045"/>
  <testcase classname="Create XML from a POJO" name="Successfully create XML from a POJO" time="0.062"/>
  <testcase classname="Check response against JSON schema" name="Successfully verify response against JSON schema" time="2.029"/>
  <testcase classname="Check response against XML schema" name="Successfully verify response against XML schema" time="1.574"/>
  <testcase classname="Getting headers from a response" name="Successfully get all headers from a response" time="2.127"/>
  <testcase classname="Getting headers from a response" name="Successfully get one header from a response" time="1.155"/>
  <testcase classname="Return a List from a GET response" name="Successfully return a List from a GET response" time="2.064"/>
  <testcase classname="Use a RequestSpecification to pass authorisation check" name="Successfully use a RequestSpecification object to pass authorisation check" time="1.24"/>
</testsuite>